[2026-02-27 23:55:00] === Starting nightly update ===
[2026-02-27 23:55:00] === Starting nightly update ===
[2026-02-27 23:55:00] Checking for workspace changes...
[2026-02-27 23:55:00] Checking for workspace changes...
Scanning for credentials...

Scan complete: 10 files scanned
No credentials detected
Scanning for credentials...

Scan complete: 10 files scanned
No credentials detected
[main 6be37d7] Nightly commit 2026-02-27 23:55:00
 11 files changed, 347 insertions(+), 36 deletions(-)
 delete mode 100644 memory/heartbeat-state.json
 create mode 100644 scripts/openclaw-nightly.log
 create mode 100644 scripts/reddit-watcher.log
 create mode 100644 scripts/topic-hunter.log
 create mode 100644 skills/nano-banana-pro/SKILL.md
 create mode 100755 skills/nano-banana-pro/scripts/generate_image.py
 create mode 100644 skills/scrapling/SKILL.md
[2026-02-27 23:55:01] Workspace committed
[2026-02-27 23:55:01] Workspace committed
[2026-02-27 23:55:01] Checking for OpenClaw updates...
[2026-02-27 23:55:01] Checking for OpenClaw updates...
[2026-02-27 23:55:01] Current:  | Latest: unknown
[2026-02-27 23:55:01] Current:  | Latest: unknown
[2026-02-27 23:55:01] OpenClaw is up to date
[2026-02-27 23:55:01] OpenClaw is up to date
[2026-02-27 23:55:01] === Nightly done ===
[2026-02-27 23:55:01] === Nightly done ===
[2026-02-27 23:55:08] === Starting nightly update ===
[2026-02-27 23:55:08] Checking for workspace changes...
